<?xml version="1.0" encoding="UTF-8"?>
<!-- Generated by org.testng.reporters.JUnitReportReporter -->
<testsuite hostname="LAPTOP-PEULBGIK" failures="0" tests="4" name="com.wipro.utilities.ExcelWorking" time="0.114" errors="0" timestamp="2022-08-06T18:05:02 IST" skipped="0">
  <testcase classname="com.wipro.utilities.ExcelWorking" name="test4" time="0.005"/>
  <system-out/>
  <testcase classname="com.wipro.utilities.ExcelWorking" name="test3" time="0.027"/>
  <system-out/>
  <testcase classname="com.wipro.utilities.ExcelWorking" name="test2" time="0.005"/>
  <system-out/>
  <testcase classname="com.wipro.utilities.ExcelWorking" name="test1" time="0.077"/>
  <system-out/>
</testsuite> <!-- com.wipro.utilities.ExcelWorking -->
