<?xml version="1.0" encoding="UTF-8"?>
<!-- Generated by org.testng.reporters.JUnitReportReporter -->
<testsuite hostname="LAPTOP-PEULBGIK" failures="0" tests="1" name="com.wipro.testcases.TestCases" time="0.017" errors="0" timestamp="2022-08-02T17:40:03 IST" skipped="0">
  <testcase classname="com.wipro.testcases.TestCases" name="test1" time="0.017"/>
  <system-out/>
</testsuite> <!-- com.wipro.testcases.TestCases -->
